<?xml version="1.0" encoding="UTF-8"?>
<!-- Generated by org.testng.reporters.JUnitXMLReporter -->
<testsuite ignored="0" hostname="Rohan" failures="1" tests="3" name="Default test(failed)" time="0.064" errors="0" timestamp="2022-06-11T17:12:20 IST">
  <testcase classname="testAnnotations.Flag6" name="login" time="0.009"/>
  <testcase classname="testAnnotations.Flag6" name="Createuser" time="0.003">
    <failure type="java.lang.AssertionError">
      <![CDATA[java.lang.AssertionError: 
at testAnnotations.Flag6.Createuser(Flag6.java:17)
at java.base/java.util.ArrayList.forEach(ArrayList.java:1511)
... Removed 29 stack frames]]>
    </failure>
  </testcase> <!-- Createuser -->
  <testcase classname="testAnnotations.Flag6" name="logout" time="0.0"/>
</testsuite> <!-- Default test(failed) -->
